<?xml version="1.0" encoding="UTF-8"?>
<!-- Generated by org.testng.reporters.JUnitReportReporter -->
<testsuite hostname="YP1000555LT" failures="0" tests="1" name="MyPkg.MyTest" time="7.126" errors="0" timestamp="20 Mar 2018 11:49:04 GMT" skipped="0">
  <testcase classname="MyPkg.MyTest" name="lunch" time="7.126"/>
</testsuite> <!-- MyPkg.MyTest -->
